<?xml version="1.0" encoding="UTF-8"?>
<!-- Generated by org.testng.reporters.JUnitXMLReporter -->
<testsuite ignored="0" hostname="DESKTOP-DRTC6PB" failures="0" tests="3" name="Default test" time="15.788" errors="0" timestamp="2024-08-14T11:03:36 IST">
  <testcase classname="com.tetsng.TestngWebdriver" name="click" time="2.361"/>
  <testcase classname="com.tetsng.TestngWebdriver" name="enterUsername" time="2.161"/>
  <testcase classname="com.tetsng.TestngWebdriver" name="enterpassword" time="2.122"/>
</testsuite> <!-- Default test -->
