<?xml version="1.0" encoding="UTF-8"?>
<!-- Generated by org.testng.reporters.JUnitXMLReporter -->
<testsuite ignored="0" hostname="DESKTOP-DRTC6PB" failures="0" tests="3" name="Default test" time="16.074" errors="0" timestamp="2024-08-23T10:38:39 IST">
  <testcase classname="com.testng.TestngWebdriver" name="click" time="2.161"/>
  <testcase classname="com.testng.TestngWebdriver" name="enterUsername" time="2.216"/>
  <testcase classname="com.testng.TestngWebdriver" name="enterpassword" time="2.133"/>
</testsuite> <!-- Default test -->
