<?xml version="1.0" encoding="UTF-8"?>
<!-- Generated by org.testng.reporters.JUnitXMLReporter -->
<testsuite ignored="3" hostname="DESKTOP-DRTC6PB" failures="0" tests="4" name="Test" time="0.072" errors="0" timestamp="2024-08-23T10:28:28 IST">
  <testcase classname="com.testng.TestNGGroup" name="green1" time="0.017"/>
  <testcase classname="com.testng.TestNGGroup" name="green2" time="0.002"/>
  <testcase classname="com.testng.TestNGGroup" name="green3" time="0.002"/>
  <testcase classname="com.testng.TestNGGroup" name="greenandred" time="0.001"/>
  <testcase classname="com.testng.TestNGGroup" name="red3" time="0.0">
    <ignored/>
  </testcase> <!-- red3 -->
  <testcase classname="com.testng.TestNGGroup" name="red2" time="0.0">
    <ignored/>
  </testcase> <!-- red2 -->
  <testcase classname="com.testng.TestNGGroup" name="red1" time="0.0">
    <ignored/>
  </testcase> <!-- red1 -->
</testsuite> <!-- Test -->
