<?xml version="1.0" encoding="UTF-8"?>
<testng-results ignored="0" total="1" passed="1" failed="0" skipped="0">
  <reporter-output>
  </reporter-output>
  <suite started-at="2024-09-02T11:12:29 IST" name="Default suite" finished-at="2024-09-02T11:12:53 IST" duration-ms="24143">
    <groups>
    </groups>
    <test started-at="2024-09-02T11:12:29 IST" name="Default test" finished-at="2024-09-02T11:12:53 IST" duration-ms="24143">
      <class name="com.FW.DataDrivenFW">
        <test-method signature="test()[pri:0, instance:com.FW.DataDrivenFW@1ea9f6af]" started-at="2024-09-02T11:12:29 IST" name="test" finished-at="2024-09-02T11:12:53 IST" duration-ms="24071" status="PASS">
          <reporter-output>
          </reporter-output>
        </test-method> <!-- test -->
      </class> <!-- com.FW.DataDrivenFW -->
    </test> <!-- Default test -->
  </suite> <!-- Default suite -->
</testng-results>
