<?xml version="1.0" encoding="UTF-8"?>
<testng-results ignored="0" total="3" passed="3" failed="0" skipped="0">
  <reporter-output>
  </reporter-output>
  <suite started-at="2024-08-14T11:03:20 IST" name="Default suite" finished-at="2024-08-14T11:03:36 IST" duration-ms="15788">
    <groups>
    </groups>
    <test started-at="2024-08-14T11:03:20 IST" name="Default test" finished-at="2024-08-14T11:03:36 IST" duration-ms="15788">
      <class name="com.tetsng.TestngWebdriver">
        <test-method is-config="true" signature="before()[pri:0, instance:com.tetsng.TestngWebdriver@7193666c]" started-at="2024-08-14T11:03:20 IST" name="before" finished-at="2024-08-14T11:03:27 IST" duration-ms="6819" status="PASS">
          <reporter-output>
          </reporter-output>
        </test-method> <!-- before -->
        <test-method signature="click()[pri:0, instance:com.tetsng.TestngWebdriver@7193666c]" started-at="2024-08-14T11:03:27 IST" name="click" finished-at="2024-08-14T11:03:30 IST" duration-ms="2361" status="PASS">
          <reporter-output>
          </reporter-output>
        </test-method> <!-- click -->
        <test-method signature="enterUsername()[pri:0, instance:com.tetsng.TestngWebdriver@7193666c]" started-at="2024-08-14T11:03:30 IST" name="enterUsername" finished-at="2024-08-14T11:03:32 IST" duration-ms="2161" status="PASS">
          <reporter-output>
          </reporter-output>
        </test-method> <!-- enterUsername -->
        <test-method signature="enterpassword()[pri:5, instance:com.tetsng.TestngWebdriver@7193666c]" started-at="2024-08-14T11:03:32 IST" name="enterpassword" finished-at="2024-08-14T11:03:34 IST" duration-ms="2122" status="PASS">
          <reporter-output>
          </reporter-output>
        </test-method> <!-- enterpassword -->
        <test-method is-config="true" signature="after()[pri:0, instance:com.tetsng.TestngWebdriver@7193666c]" started-at="2024-08-14T11:03:34 IST" name="after" finished-at="2024-08-14T11:03:36 IST" duration-ms="2260" status="PASS">
          <reporter-output>
          </reporter-output>
        </test-method> <!-- after -->
      </class> <!-- com.tetsng.TestngWebdriver -->
    </test> <!-- Default test -->
  </suite> <!-- Default suite -->
</testng-results>
